Arguments: 
  E:\node\node.exe C:\Users\NOVA\AppData\Roaming\npm\node_modules\yarn\bin\yarn.js add mongoose

PATH: 
  E:\node;E:\node\node_global;C:\WINDOWS\system32;C:\WINDOWS;C:\WINDOWS\System32\Wbem;C:\WINDOWS\System32\WindowsPowerShell\v1.0\;C:\WINDOWS\System32\OpenSSH\;C:\Program Files\Git\cmd;C:\ProgramData\chocolatey\bin;E:\xampp\php;E:\mongoDB\bin;E:\nodejs\node_global;C:\wamp\bin\php\php7.0.10;C:\Users\NOVA\AppData\Local\Microsoft\WindowsApps;%IntelliJ IDEA%;E:\Microsoft VS Code\bin;C:\Users\NOVA\AppData\Roaming\npm;

Yarn version: 
  1.22.5

Node version: 
  13.10.0

Platform: 
  win32 x64

Trace: 
  Error: ENOENT: no such file or directory, copyfile 'C:\Users\NOVA\AppData\Local\Yarn\Cache\v6\npm-is-fullwidth-code-point-2.0.0-a3b30a5c4f199183167aaab93beefae3ddfb654f-integrity\node_modules\is-fullwidth-code-point\index.js' -> 'C:\Users\NOVA\Desktop\fpx小组\jade\node_modules\ansi-align\node_modules\is-fullwidth-code-point\index.js'

npm manifest: 
  {
    "name": "my-server",
    "version": "0.2.0",
    "private": true,
    "scripts": {
      "start": "nodemon ./bin/www",
      "start:strict": "nodemon --use-strict ./bin/www"
    },
    "dependencies": {
      "body-parser": "~1.13.2",
      "cookie-parser": "~1.3.5",
      "debug": "~2.2.0",
      "ejs": "~2.3.3",
      "express": "~4.13.1",
      "file-stream-rotator": "^0.1.0",
      "iconv-lite": "^0.4.13",
      "jade": "^1.11.0",
      "morgan": "^1.6.1",
      "nodemon": "^2.0.5",
      "serve-favicon": "~2.3.0"
    }
  }

yarn manifest: 
  No manifest

Lockfile: 
  No lockfile
